<?xml version="1.0" encoding="UTF-8"?>
<testng-results ignored="0" total="6" passed="5" failed="1" skipped="0">
  <reporter-output>
  </reporter-output>
  <suite started-at="2024-08-28T14:30:08 IST" name="Suite" finished-at="2024-08-28T14:31:06 IST" duration-ms="58451">
    <groups>
      <group name="Regression">
        <method signature="LoginTest.VerifyWhetherUserIsAbleToLoginUsingValidCredentials()[pri:0, instance:testscript.LoginTest@5884a914]" name="VerifyWhetherUserIsAbleToLoginUsingValidCredentials" class="testscript.LoginTest"/>
      </group> <!-- Regression -->
      <group name="smoke">
        <method signature="LoginTest.VerifyWhetherUserIsAbleToLoginUsingInvalidUsernameAndValidPassword()[pri:0, instance:testscript.LoginTest@5884a914]" name="VerifyWhetherUserIsAbleToLoginUsingInvalidUsernameAndValidPassword" class="testscript.LoginTest"/>
      </group> <!-- smoke -->
    </groups>
    <test started-at="2024-08-28T14:30:08 IST" name="TestNG.xml" finished-at="2024-08-28T14:31:06 IST" duration-ms="58451">
      <class name="testscript.ManageNewsTest">
        <test-method is-config="true" signature="initialiseBrowser(java.lang.String)[pri:0, instance:testscript.ManageNewsTest@5276d6ee]" started-at="2024-08-28T14:30:38 IST" name="initialiseBrowser" finished-at="2024-08-28T14:30:42 IST" duration-ms="4283" status="PASS">
          <params>
            <param index="0">
              <value>
                <![CDATA[Chrome]]>
              </value>
            </param>
          </params>
          <reporter-output>
          </reporter-output>
        </test-method> <!-- initialiseBrowser -->
        <test-method signature="VerifyWhetherUserIsAbleToAddNews()[pri:0, instance:testscript.ManageNewsTest@5276d6ee]" started-at="2024-08-28T14:30:42 IST" name="VerifyWhetherUserIsAbleToAddNews" description="Verify whether user can add new news to the manage news module" finished-at="2024-08-28T14:30:46 IST" duration-ms="3767" status="PASS">
          <reporter-output>
          </reporter-output>
        </test-method> <!-- VerifyWhetherUserIsAbleToAddNews -->
        <test-method is-config="true" signature="browserQuit(org.testng.ITestResult)[pri:0, instance:testscript.ManageNewsTest@5276d6ee]" started-at="2024-08-28T14:30:46 IST" name="browserQuit" finished-at="2024-08-28T14:30:46 IST" duration-ms="307" status="PASS">
          <params>
            <param index="0">
              <value>
                <![CDATA[[TestResult name=VerifyWhetherUserIsAbleToAddNews status=SUCCESS method=ManageNewsTest.VerifyWhetherUserIsAbleToAddNews()[pri:0, instance:testscript.ManageNewsTest@5276d6ee] output={null}]]]>
              </value>
            </param>
          </params>
          <reporter-output>
          </reporter-output>
        </test-method> <!-- browserQuit -->
        <test-method is-config="true" signature="initialiseBrowser(java.lang.String)[pri:0, instance:testscript.ManageNewsTest@5276d6ee]" started-at="2024-08-28T14:30:46 IST" name="initialiseBrowser" finished-at="2024-08-28T14:30:51 IST" duration-ms="4601" status="PASS">
          <params>
            <param index="0">
              <value>
                <![CDATA[Chrome]]>
              </value>
            </param>
          </params>
          <reporter-output>
          </reporter-output>
        </test-method> <!-- initialiseBrowser -->
        <test-method signature="verifyWhetherUserIsAbleToDeleteNews()[pri:0, instance:testscript.ManageNewsTest@5276d6ee]" started-at="2024-08-28T14:30:51 IST" name="verifyWhetherUserIsAbleToDeleteNews" description="Verify that user can delete the already existing news" finished-at="2024-08-28T14:31:05 IST" duration-ms="14647" status="FAIL">
          <exception class="org.openqa.selenium.NoSuchElementException">
            <message>
              <![CDATA[no such element: Unable to locate element: {"method":"xpath","selector":"//a[@href="https://groceryapp.uniqassosiates.com/admin/news/delete?del=1682&page_ad=1"]"}
  (Session info: chrome=127.0.6533.122)
For documentation on this error, please visit: https://www.selenium.dev/documentation/webdriver/troubleshooting/errors#no-such-element-exception
Build info: version: '4.20.0', revision: '866c76ca80'
System info: os.name: 'Windows 11', os.arch: 'amd64', os.version: '10.0', java.version: '17.0.3'
Driver info: org.openqa.selenium.chrome.ChromeDriver
Command: [5e8972699f5a2d37d76b3f6b7571f16f, findElement {using=xpath, value=//a[@href="https://groceryapp.uniqassosiates.com/admin/news/delete?del=1682&page_ad=1"]}]
Capabilities {acceptInsecureCerts: false, browserName: chrome, browserVersion: 127.0.6533.122, chrome: {chromedriverVersion: 127.0.6533.119 (bdef6783a05..., userDataDir: C:\Users\user\AppData\Local...}, fedcm:accounts: true, goog:chromeOptions: {debuggerAddress: localhost:26126}, networkConnectionEnabled: false, pageLoadStrategy: normal, platformName: windows, proxy: Proxy(), se:cdp: ws://localhost:26126/devtoo..., se:cdpVersion: 127.0.6533.122, setWindowRect: true, strictFileInteractability: false, timeouts: {implicit: 0, pageLoad: 300000, script: 30000}, unhandledPromptBehavior: dismiss and notify, webauthn:extension:credBlob: true, webauthn:extension:largeBlob: true, webauthn:extension:minPinLength: true, webauthn:extension:prf: true, webauthn:virtualAuthenticators: true}
Session ID: 5e8972699f5a2d37d76b3f6b7571f16f]]>
            </message>
            <full-stacktrace>
              <![CDATA[org.openqa.selenium.NoSuchElementException: no such element: Unable to locate element: {"method":"xpath","selector":"//a[@href="https://groceryapp.uniqassosiates.com/admin/news/delete?del=1682&page_ad=1"]"}
  (Session info: chrome=127.0.6533.122)
For documentation on this error, please visit: https://www.selenium.dev/documentation/webdriver/troubleshooting/errors#no-such-element-exception
Build info: version: '4.20.0', revision: '866c76ca80'
System info: os.name: 'Windows 11', os.arch: 'amd64', os.version: '10.0', java.version: '17.0.3'
Driver info: org.openqa.selenium.chrome.ChromeDriver
Command: [5e8972699f5a2d37d76b3f6b7571f16f, findElement {using=xpath, value=//a[@href="https://groceryapp.uniqassosiates.com/admin/news/delete?del=1682&page_ad=1"]}]
Capabilities {acceptInsecureCerts: false, browserName: chrome, browserVersion: 127.0.6533.122, chrome: {chromedriverVersion: 127.0.6533.119 (bdef6783a05..., userDataDir: C:\Users\user\AppData\Local...}, fedcm:accounts: true, goog:chromeOptions: {debuggerAddress: localhost:26126}, networkConnectionEnabled: false, pageLoadStrategy: normal, platformName: windows, proxy: Proxy(), se:cdp: ws://localhost:26126/devtoo..., se:cdpVersion: 127.0.6533.122, setWindowRect: true, strictFileInteractability: false, timeouts: {implicit: 0, pageLoad: 300000, script: 30000}, unhandledPromptBehavior: dismiss and notify, webauthn:extension:credBlob: true, webauthn:extension:largeBlob: true, webauthn:extension:minPinLength: true, webauthn:extension:prf: true, webauthn:virtualAuthenticators: true}
Session ID: 5e8972699f5a2d37d76b3f6b7571f16f
at java.base/jdk.internal.reflect.NativeConstructorAccessorImpl.newInstance0(Native Method)
at java.base/jdk.internal.reflect.NativeConstructorAccessorImpl.newInstance(NativeConstructorAccessorImpl.java:77)
at java.base/jdk.internal.reflect.DelegatingConstructorAccessorImpl.newInstance(DelegatingConstructorAccessorImpl.java:45)
at java.base/java.lang.reflect.Constructor.newInstanceWithCaller(Constructor.java:499)
at java.base/java.lang.reflect.Constructor.newInstance(Constructor.java:480)
at org.openqa.selenium.remote.ErrorCodec.decode(ErrorCodec.java:167)
at org.openqa.selenium.remote.codec.w3c.W3CHttpResponseCodec.decode(W3CHttpResponseCodec.java:138)
at org.openqa.selenium.remote.codec.w3c.W3CHttpResponseCodec.decode(W3CHttpResponseCodec.java:50)
at org.openqa.selenium.remote.HttpCommandExecutor.execute(HttpCommandExecutor.java:190)
at org.openqa.selenium.remote.service.DriverCommandExecutor.invokeExecute(DriverCommandExecutor.java:216)
at org.openqa.selenium.remote.service.DriverCommandExecutor.execute(DriverCommandExecutor.java:174)
at org.openqa.selenium.remote.RemoteWebDriver.execute(RemoteWebDriver.java:518)
at org.openqa.selenium.remote.ElementLocation$ElementFinder$2.findElement(ElementLocation.java:165)
at org.openqa.selenium.remote.ElementLocation.findElement(ElementLocation.java:59)
at org.openqa.selenium.remote.RemoteWebDriver.findElement(RemoteWebDriver.java:355)
at org.openqa.selenium.remote.RemoteWebDriver.findElement(RemoteWebDriver.java:349)
at org.openqa.selenium.support.pagefactory.DefaultElementLocator.findElement(DefaultElementLocator.java:68)
at org.openqa.selenium.support.pagefactory.internal.LocatingElementHandler.invoke(LocatingElementHandler.java:38)
at jdk.proxy2/jdk.proxy2.$Proxy16.click(Unknown Source)
at pages.ManageNews.clickOnDelete(ManageNews.java:53)
at testscript.ManageNewsTest.verifyWhetherUserIsAbleToDeleteNews(ManageNewsTest.java:38)
at java.base/jdk.internal.reflect.NativeMethodAccessorImpl.invoke0(Native Method)
at java.base/jdk.internal.reflect.NativeMethodAccessorImpl.invoke(NativeMethodAccessorImpl.java:77)
at java.base/jdk.internal.reflect.DelegatingMethodAccessorImpl.invoke(DelegatingMethodAccessorImpl.java:43)
at java.base/java.lang.reflect.Method.invoke(Method.java:568)
at org.testng.internal.invokers.MethodInvocationHelper.invokeMethod(MethodInvocationHelper.java:139)
at org.testng.internal.invokers.TestInvoker.invokeMethod(TestInvoker.java:664)
at org.testng.internal.invokers.TestInvoker.invokeTestMethod(TestInvoker.java:227)
at org.testng.internal.invokers.MethodRunner.runInSequence(MethodRunner.java:50)
at org.testng.internal.invokers.TestInvoker$MethodInvocationAgent.invoke(TestInvoker.java:957)
at org.testng.internal.invokers.TestInvoker.invokeTestMethods(TestInvoker.java:200)
at org.testng.internal.invokers.TestMethodWorker.invokeTestMethods(TestMethodWorker.java:148)
at org.testng.internal.invokers.TestMethodWorker.run(TestMethodWorker.java:128)
at java.base/java.util.ArrayList.forEach(ArrayList.java:1511)
at org.testng.TestRunner.privateRun(TestRunner.java:848)
at org.testng.TestRunner.run(TestRunner.java:621)
at org.testng.SuiteRunner.runTest(SuiteRunner.java:443)
at org.testng.SuiteRunner.runSequentially(SuiteRunner.java:437)
at org.testng.SuiteRunner.privateRun(SuiteRunner.java:397)
at org.testng.SuiteRunner.run(SuiteRunner.java:336)
at org.testng.SuiteRunnerWorker.runSuite(SuiteRunnerWorker.java:52)
at org.testng.SuiteRunnerWorker.run(SuiteRunnerWorker.java:95)
at org.testng.TestNG.runSuitesSequentially(TestNG.java:1280)
at org.testng.TestNG.runSuitesLocally(TestNG.java:1200)
at org.testng.TestNG.runSuites(TestNG.java:1114)
at org.testng.TestNG.run(TestNG.java:1082)
at org.testng.remote.AbstractRemoteTestNG.run(AbstractRemoteTestNG.java:115)
at org.testng.remote.RemoteTestNG.initAndRun(RemoteTestNG.java:293)
at org.testng.remote.RemoteTestNG.main(RemoteTestNG.java:91)
]]>
            </full-stacktrace>
          </exception> <!-- org.openqa.selenium.NoSuchElementException -->
          <reporter-output>
          </reporter-output>
        </test-method> <!-- verifyWhetherUserIsAbleToDeleteNews -->
        <test-method is-config="true" signature="browserQuit(org.testng.ITestResult)[pri:0, instance:testscript.ManageNewsTest@5276d6ee]" started-at="2024-08-28T14:31:05 IST" name="browserQuit" finished-at="2024-08-28T14:31:06 IST" duration-ms="560" status="PASS">
          <params>
            <param index="0">
              <value>
                <![CDATA[[TestResult name=verifyWhetherUserIsAbleToDeleteNews status=FAILURE method=ManageNewsTest.verifyWhetherUserIsAbleToDeleteNews()[pri:0, instance:testscript.ManageNewsTest@5276d6ee] output={null}]]]>
              </value>
            </param>
          </params>
          <reporter-output>
          </reporter-output>
        </test-method> <!-- browserQuit -->
      </class> <!-- testscript.ManageNewsTest -->
      <class name="testscript.LoginTest">
        <test-method is-config="true" signature="initialiseBrowser(java.lang.String)[pri:0, instance:testscript.LoginTest@5884a914]" started-at="2024-08-28T14:30:09 IST" name="initialiseBrowser" finished-at="2024-08-28T14:30:16 IST" duration-ms="6630" status="PASS">
          <params>
            <param index="0">
              <value>
                <![CDATA[Chrome]]>
              </value>
            </param>
          </params>
          <reporter-output>
          </reporter-output>
        </test-method> <!-- initialiseBrowser -->
        <test-method signature="VerifyWhetherUserIsAbleToLoginUsingInvalidUsernameAndInvalidPassword(java.lang.String,java.lang.String)[pri:0, instance:testscript.LoginTest@5884a914]" started-at="2024-08-28T14:30:16 IST" name="VerifyWhetherUserIsAbleToLoginUsingInvalidUsernameAndInvalidPassword" description="Verify that user is not able to login with invalid usernme and invalid password" data-provider="LoginProvider" finished-at="2024-08-28T14:30:17 IST" duration-ms="1464" status="PASS">
          <params>
            <param index="0">
              <value>
                <![CDATA[acjdsh]]>
              </value>
            </param>
            <param index="1">
              <value>
                <![CDATA[ad123]]>
              </value>
            </param>
          </params>
          <reporter-output>
          </reporter-output>
        </test-method> <!-- VerifyWhetherUserIsAbleToLoginUsingInvalidUsernameAndInvalidPassword -->
        <test-method is-config="true" signature="browserQuit(org.testng.ITestResult)[pri:0, instance:testscript.LoginTest@5884a914]" started-at="2024-08-28T14:30:17 IST" name="browserQuit" finished-at="2024-08-28T14:30:17 IST" duration-ms="337" status="PASS">
          <params>
            <param index="0">
              <value>
                <![CDATA[[TestResult name=VerifyWhetherUserIsAbleToLoginUsingInvalidUsernameAndInvalidPassword status=SUCCESS method=LoginTest.VerifyWhetherUserIsAbleToLoginUsingInvalidUsernameAndInvalidPassword(java.lang.String,java.lang.String)[pri:0, instance:testscript.LoginTest@5884a914] output={null}]]]>
              </value>
            </param>
          </params>
          <reporter-output>
          </reporter-output>
        </test-method> <!-- browserQuit -->
        <test-method is-config="true" signature="initialiseBrowser(java.lang.String)[pri:0, instance:testscript.LoginTest@5884a914]" started-at="2024-08-28T14:30:17 IST" name="initialiseBrowser" finished-at="2024-08-28T14:30:23 IST" duration-ms="5744" status="PASS">
          <params>
            <param index="0">
              <value>
                <![CDATA[Chrome]]>
              </value>
            </param>
          </params>
          <reporter-output>
          </reporter-output>
        </test-method> <!-- initialiseBrowser -->
        <test-method signature="VerifyWhetherUserIsAbleToLoginUsingInvalidUsernameAndValidPassword()[pri:0, instance:testscript.LoginTest@5884a914]" started-at="2024-08-28T14:30:23 IST" name="VerifyWhetherUserIsAbleToLoginUsingInvalidUsernameAndValidPassword" description="Verify that user is not able to login with invalid username and valid password" finished-at="2024-08-28T14:30:24 IST" duration-ms="1103" status="PASS">
          <reporter-output>
          </reporter-output>
        </test-method> <!-- VerifyWhetherUserIsAbleToLoginUsingInvalidUsernameAndValidPassword -->
        <test-method is-config="true" signature="browserQuit(org.testng.ITestResult)[pri:0, instance:testscript.LoginTest@5884a914]" started-at="2024-08-28T14:30:24 IST" name="browserQuit" finished-at="2024-08-28T14:30:25 IST" duration-ms="363" status="PASS">
          <params>
            <param index="0">
              <value>
                <![CDATA[[TestResult name=VerifyWhetherUserIsAbleToLoginUsingInvalidUsernameAndValidPassword status=SUCCESS method=LoginTest.VerifyWhetherUserIsAbleToLoginUsingInvalidUsernameAndValidPassword()[pri:0, instance:testscript.LoginTest@5884a914] output={null}]]]>
              </value>
            </param>
          </params>
          <reporter-output>
          </reporter-output>
        </test-method> <!-- browserQuit -->
        <test-method is-config="true" signature="initialiseBrowser(java.lang.String)[pri:0, instance:testscript.LoginTest@5884a914]" started-at="2024-08-28T14:30:25 IST" name="initialiseBrowser" finished-at="2024-08-28T14:30:30 IST" duration-ms="5894" status="PASS">
          <params>
            <param index="0">
              <value>
                <![CDATA[Chrome]]>
              </value>
            </param>
          </params>
          <reporter-output>
          </reporter-output>
        </test-method> <!-- initialiseBrowser -->
        <test-method signature="VerifyWhetherUserIsAbleToLoginUsingValidCredentials()[pri:0, instance:testscript.LoginTest@5884a914]" started-at="2024-08-28T14:30:30 IST" name="VerifyWhetherUserIsAbleToLoginUsingValidCredentials" description="Verify whether user is able to login with valid credentials" finished-at="2024-08-28T14:30:32 IST" duration-ms="1381" status="PASS">
          <reporter-output>
          </reporter-output>
        </test-method> <!-- VerifyWhetherUserIsAbleToLoginUsingValidCredentials -->
        <test-method is-config="true" signature="browserQuit(org.testng.ITestResult)[pri:0, instance:testscript.LoginTest@5884a914]" started-at="2024-08-28T14:30:32 IST" name="browserQuit" finished-at="2024-08-28T14:30:32 IST" duration-ms="262" status="PASS">
          <params>
            <param index="0">
              <value>
                <![CDATA[[TestResult name=VerifyWhetherUserIsAbleToLoginUsingValidCredentials status=SUCCESS method=LoginTest.VerifyWhetherUserIsAbleToLoginUsingValidCredentials()[pri:0, instance:testscript.LoginTest@5884a914] output={null}]]]>
              </value>
            </param>
          </params>
          <reporter-output>
          </reporter-output>
        </test-method> <!-- browserQuit -->
        <test-method is-config="true" signature="initialiseBrowser(java.lang.String)[pri:0, instance:testscript.LoginTest@5884a914]" started-at="2024-08-28T14:30:32 IST" name="initialiseBrowser" finished-at="2024-08-28T14:30:36 IST" duration-ms="4290" status="PASS">
          <params>
            <param index="0">
              <value>
                <![CDATA[Chrome]]>
              </value>
            </param>
          </params>
          <reporter-output>
          </reporter-output>
        </test-method> <!-- initialiseBrowser -->
        <test-method signature="VerifyWhetherUserIsAbleToLoginUsingValidUsernameAndInvalidPassword()[pri:0, instance:testscript.LoginTest@5884a914]" started-at="2024-08-28T14:30:36 IST" name="VerifyWhetherUserIsAbleToLoginUsingValidUsernameAndInvalidPassword" description="Verify that user is not able to login with valid username and invalid password" finished-at="2024-08-28T14:30:38 IST" duration-ms="1144" status="PASS">
          <reporter-output>
          </reporter-output>
        </test-method> <!-- VerifyWhetherUserIsAbleToLoginUsingValidUsernameAndInvalidPassword -->
        <test-method is-config="true" signature="browserQuit(org.testng.ITestResult)[pri:0, instance:testscript.LoginTest@5884a914]" started-at="2024-08-28T14:30:38 IST" name="browserQuit" finished-at="2024-08-28T14:30:38 IST" duration-ms="257" status="PASS">
          <params>
            <param index="0">
              <value>
                <![CDATA[[TestResult name=VerifyWhetherUserIsAbleToLoginUsingValidUsernameAndInvalidPassword status=SUCCESS method=LoginTest.VerifyWhetherUserIsAbleToLoginUsingValidUsernameAndInvalidPassword()[pri:0, instance:testscript.LoginTest@5884a914] output={null}]]]>
              </value>
            </param>
          </params>
          <reporter-output>
          </reporter-output>
        </test-method> <!-- browserQuit -->
      </class> <!-- testscript.LoginTest -->
    </test> <!-- TestNG.xml -->
  </suite> <!-- Suite -->
</testng-results>
